<?xml version="1.0" encoding="UTF-8"?>
<!-- Generated by org.testng.reporters.JUnitReportReporter -->
<testsuite hostname="LAPTOP-2JUVFNRV" failures="0" tests="1" name="com.internetBankingV2.testCases.TC_LoginTest_001" time="12.923" errors="0" timestamp="2023-02-16T22:31:55 CST" skipped="0">
  <testcase classname="com.internetBankingV2.testCases.TC_LoginTest_001" name="loginTest1" time="12.923"/>
  <system-out/>
</testsuite> <!-- com.internetBankingV2.testCases.TC_LoginTest_001 -->
